<?xml version="1.0" encoding="UTF-8"?>
<!-- Generated by org.testng.reporters.JUnitReportReporter -->
<testsuite hostname="RajathPC" failures="0" tests="1" name="LoginPage_OrangeHRM.TC_003" time="8.361" errors="0" timestamp="2023-06-16T22:18:03 IST" skipped="0">
  <testcase classname="LoginPage_OrangeHRM.TC_003" name="EnterTheValidDetailsInTheLoginPage" time="8.361"/>
  <system-out/>
</testsuite> <!-- LoginPage_OrangeHRM.TC_003 -->
