<?xml version="1.0" encoding="UTF-8"?>
<!-- Generated by org.testng.reporters.JUnitReportReporter -->
<testsuite hostname="DESKTOP-6Q5HP2I" failures="0" tests="1" name="LoginPage_OrangeHRM.TC_004" time="5.951" errors="0" timestamp="2023-06-19T12:02:32 IST" skipped="0">
  <testcase classname="LoginPage_OrangeHRM.TC_004" name="EnterInvalidUserName" time="5.951"/>
  <system-out/>
</testsuite> <!-- LoginPage_OrangeHRM.TC_004 -->
