<?xml version="1.0" encoding="UTF-8"?>
<!-- Generated by org.testng.reporters.JUnitReportReporter -->
<testsuite hostname="RajathPC" failures="0" tests="1" name="LoginPage_OrangeHRM.TC_002" time="1.328" errors="0" timestamp="2023-06-16T13:10:11 IST" skipped="0">
  <testcase classname="LoginPage_OrangeHRM.TC_002" name="ClickOnTheForgotPassword" time="1.328"/>
  <system-out/>
</testsuite> <!-- LoginPage_OrangeHRM.TC_002 -->
