<?xml version="1.0" encoding="UTF-8"?>
<!-- Generated by org.testng.reporters.JUnitReportReporter -->
<testsuite hostname="RajathPC" failures="0" tests="1" name="OrangeHRMTestCases.Test_Id_001_LoginPage" time="8.115" errors="0" timestamp="2023-06-14T22:52:04 IST" skipped="0">
  <testcase classname="OrangeHRMTestCases.Test_Id_001_LoginPage" name="EnterValuesToHomePage" time="8.115"/>
  <system-out/>
</testsuite> <!-- OrangeHRMTestCases.Test_Id_001_LoginPage -->
