<?xml version="1.0" encoding="UTF-8"?>
<!-- Generated by org.testng.reporters.JUnitReportReporter -->
<testsuite hostname="RajathPC" failures="0" tests="1" name="LoginPage_OrangeHRM.TC_001" time="1.194" errors="0" timestamp="2023-06-16T12:46:30 IST" skipped="0">
  <testcase classname="LoginPage_OrangeHRM.TC_001" name="ClickOnTheLoginAndPasswordTextField" time="1.194"/>
  <system-out/>
</testsuite> <!-- LoginPage_OrangeHRM.TC_001 -->
