<?xml version="1.0" encoding="UTF-8"?>
<!-- Generated by org.testng.reporters.JUnitReportReporter -->
<testsuite hostname="RajathPC" failures="0" tests="1" name="EndToEndTesting_OrangeHRM.CreateNewEmployee" time="7.938" errors="0" timestamp="2023-06-19T23:38:11 IST" skipped="0">
  <testcase classname="EndToEndTesting_OrangeHRM.CreateNewEmployee" name="createAnEmployee" time="7.938"/>
  <system-out/>
</testsuite> <!-- EndToEndTesting_OrangeHRM.CreateNewEmployee -->
