<?xml version="1.0" encoding="UTF-8"?>
<!-- Generated by org.testng.reporters.JUnitReportReporter -->
<testsuite hostname="DESKTOP-6Q5HP2I" failures="0" tests="1" name="EndToEndTesting_OrangeHRM.CreateNewEmployee" time="14.140" errors="0" timestamp="2023-06-21T12:38:01 IST" skipped="0">
  <testcase classname="EndToEndTesting_OrangeHRM.CreateNewEmployee" name="createAnEmployee" time="14.140"/>
  <system-out/>
</testsuite> <!-- EndToEndTesting_OrangeHRM.CreateNewEmployee -->
