<?xml version="1.0" encoding="UTF-8"?>
<!-- Generated by org.testng.reporters.JUnitReportReporter -->
<testsuite hostname="DESKTOP-6Q5HP2I" failures="0" tests="1" name="EndToEndTesting_OrangeHRM.CreateNewEmployee" time="16.911" errors="0" timestamp="2023-06-21T21:10:03 IST" skipped="0">
  <testcase classname="EndToEndTesting_OrangeHRM.CreateNewEmployee" name="createAnEmployee" time="16.911"/>
  <system-out/>
</testsuite> <!-- EndToEndTesting_OrangeHRM.CreateNewEmployee -->
