<?xml version="1.0" encoding="UTF-8"?>
<!-- Generated by org.testng.reporters.JUnitReportReporter -->
<testsuite hostname="RajathPC" failures="0" tests="1" name="LoginPage_OrangeHRM.TC_004" time="6.225" errors="0" timestamp="2023-06-16T22:30:23 IST" skipped="0">
  <testcase classname="LoginPage_OrangeHRM.TC_004" name="EnterInvalidUserName" time="6.225"/>
  <system-out/>
</testsuite> <!-- LoginPage_OrangeHRM.TC_004 -->
