<?xml version="1.0" encoding="UTF-8"?>
<!-- Generated by org.testng.reporters.JUnitReportReporter -->
<testsuite hostname="RajathPC" failures="0" tests="1" name="EndToEndTesting_OrangeHRM.CreateNewEmployee" time="20.534" errors="0" timestamp="2023-06-29T18:08:51 IST" skipped="0">
  <testcase classname="EndToEndTesting_OrangeHRM.CreateNewEmployee" name="createAnEmployee" time="20.534"/>
  <system-out/>
</testsuite> <!-- EndToEndTesting_OrangeHRM.CreateNewEmployee -->
