<?xml version="1.0" encoding="UTF-8"?>
<!-- Generated by org.testng.reporters.JUnitReportReporter -->
<testsuite hostname="DESKTOP-6Q5HP2I" failures="0" tests="1" name="EndToEndTesting_OrangeHRM.CreateNewEmployee" time="10.097" errors="0" timestamp="2023-06-20T13:10:52 IST" skipped="0">
  <testcase classname="EndToEndTesting_OrangeHRM.CreateNewEmployee" name="createAnEmployee" time="10.097"/>
  <system-out/>
</testsuite> <!-- EndToEndTesting_OrangeHRM.CreateNewEmployee -->
